Using pre-set license
Built from '2021.1/staging' branch; Version is '2021.1.5f1 (3737af19df53) revision 3618735'; Using compiler version '192528614'; Build Type 'Release'
OS: 'Windows 10 Pro; OS build 19042.985; Version 2009; 64bit' Language: 'en' Physical Memory: 16257 MB
BatchMode: 1, IsHumanControllingUs: 0, StartBugReporterOnCrash: 0, Is64bit: 1, IsPro: 0

 COMMAND LINE ARGUMENTS:
C:\Program Files\Unity\Hub\Editor\2021.1.5f1\Editor\Unity.exe
-adb2
-batchMode
-noUpm
-name
AssetImportWorker0
-projectPath
C:/Users/ShaunFerns/cookbook/unity-cookbook-2020-ch03-09-dictionaryOfEnumPickups
-logFile
Logs/AssetImportWorker0.log
-srvPort
62654
Successfully changed project path to: C:/Users/ShaunFerns/cookbook/unity-cookbook-2020-ch03-09-dictionaryOfEnumPickups
C:/Users/ShaunFerns/cookbook/unity-cookbook-2020-ch03-09-dictionaryOfEnumPickups
Using Asset Import Pipeline V2.
Refreshing native plugins compatible for Editor in 102.83 ms, found 1 plugins.
Preloading 0 native plugins for Editor in 0.00 ms.
Initialize engine version: 2021.1.5f1 (3737af19df53)
[Subsystems] Discovering subsystems at path C:/Program Files/Unity/Hub/Editor/2021.1.5f1/Editor/Data/Resources/UnitySubsystems
[Subsystems] Discovering subsystems at path C:/Users/ShaunFerns/cookbook/unity-cookbook-2020-ch03-09-dictionaryOfEnumPickups/Assets
GfxDevice: creating device client; threaded=0; jobified=0
Direct3D:
    Version:  Direct3D 11.0 [level 11.1]
    Renderer: NVIDIA GeForce GTX 1080 (ID=0x1ba0)
    Vendor:   NVIDIA
    VRAM:     8079 MB
    Driver:   27.21.14.5687
Initialize mono
Mono path[0] = 'C:/Program Files/Unity/Hub/Editor/2021.1.5f1/Editor/Data/Managed'
Mono path[1] = 'C:/Program Files/Unity/Hub/Editor/2021.1.5f1/Editor/Data/MonoBleedingEdge/lib/mono/unityjit'
Mono config path = 'C:/Program Files/Unity/Hub/Editor/2021.1.5f1/Editor/Data/MonoBleedingEdge/etc'
Using monoOptions --debugger-agent=transport=dt_socket,embedding=1,server=y,suspend=n,address=127.0.0.1:56060
Begin MonoManager ReloadAssembly
Registering precompiled unity dll's ...
Register platform support module: C:/Program Files/Unity/Hub/Editor/2021.1.5f1/Editor/Data/PlaybackEngines/WindowsStandaloneSupport/UnityEditor.WindowsStandalone.Extensions.dll
Registered in 0.004355 seconds.
Native extension for WindowsStandalone target not found
Refreshing native plugins compatible for Editor in 108.87 ms, found 1 plugins.
Preloading 0 native plugins for Editor in 0.00 ms.
Mono: successfully reloaded assembly
- Completed reload, in  1.784 seconds
Platform modules already initialized, skipping
Registering precompiled user dll's ...
Registered in 0.004354 seconds.
Begin MonoManager ReloadAssembly
Native extension for WindowsStandalone target not found
Refreshing native plugins compatible for Editor in 0.61 ms, found 1 plugins.
Preloading 0 native plugins for Editor in 0.00 ms.
Mono: successfully reloaded assembly
- Completed reload, in  1.429 seconds
Platform modules already initialized, skipping
========================================================================
Worker process is ready to serve import requests
Launched and connected shader compiler UnityShaderCompiler.exe after 0.08 seconds
Refreshing native plugins compatible for Editor in 0.56 ms, found 1 plugins.
Preloading 0 native plugins for Editor in 0.00 ms.
Unloading 2670 Unused Serialized files (Serialized files now loaded: 0)
System memory in use before: 98.8 MB.
System memory in use after: 99.0 MB.

Unloading 14 unused Assets to reduce memory usage. Loaded Objects now: 3121.
Total: 3.544800 ms (FindLiveObjects: 0.437200 ms CreateObjectMapping: 0.213400 ms MarkObjects: 2.818900 ms  DeleteObjects: 0.073400 ms)

========================================================================
Received Import Request.
  path: Assets/_Scenes/scene1.unity
  artifactKey: Guid(e2d272e8cf9be4adb99bea8a1a5b9147) Importer(815301076,1909f56bfc062723c751e8b465ee728b)
Start importing Assets/_Scenes/scene1.unity using Guid(e2d272e8cf9be4adb99bea8a1a5b9147) Importer(815301076,1909f56bfc062723c751e8b465ee728b)  -> (artifact id: 'e090a37ca903b7054b9f64caa5e7840e') in 0.020502 seconds 
========================================================================
Received Import Request.
  Time since last request: 8.416057 seconds.
  path: Assets/_Scenes/scene1Settings.lighting
  artifactKey: Guid(c57df5fc9f1488849969ad99af00e230) Importer(815301076,1909f56bfc062723c751e8b465ee728b)
Start importing Assets/_Scenes/scene1Settings.lighting using Guid(c57df5fc9f1488849969ad99af00e230) Importer(815301076,1909f56bfc062723c751e8b465ee728b) LightingSettings: switching bake backend from 1 to 0.
 -> (artifact id: 'c69cfc446f708815ed3ba54599558be3') in 0.051023 seconds 
========================================================================
Received Prepare
Registering precompiled user dll's ...
Registered in 0.003677 seconds.
Begin MonoManager ReloadAssembly
Native extension for WindowsStandalone target not found
Refreshing native plugins compatible for Editor in 0.58 ms, found 1 plugins.
Preloading 0 native plugins for Editor in 0.00 ms.
Mono: successfully reloaded assembly
- Completed reload, in  1.165 seconds
Platform modules already initialized, skipping
Refreshing native plugins compatible for Editor in 0.79 ms, found 1 plugins.
Preloading 0 native plugins for Editor in 0.00 ms.
Unloading 2664 Unused Serialized files (Serialized files now loaded: 0)
System memory in use before: 98.7 MB.
System memory in use after: 98.9 MB.

Unloading 9 unused Assets to reduce memory usage. Loaded Objects now: 3124.
Total: 2.919200 ms (FindLiveObjects: 0.224300 ms CreateObjectMapping: 0.156600 ms MarkObjects: 2.496900 ms  DeleteObjects: 0.039700 ms)

========================================================================
Received Import Request.
  Time since last request: 24.415801 seconds.
  path: Assets/_Scenes/dictionaryOfEnum.unity
  artifactKey: Guid(e2d272e8cf9be4adb99bea8a1a5b9147) Importer(815301076,1909f56bfc062723c751e8b465ee728b)
Start importing Assets/_Scenes/dictionaryOfEnum.unity using Guid(e2d272e8cf9be4adb99bea8a1a5b9147) Importer(815301076,1909f56bfc062723c751e8b465ee728b)  -> (artifact id: '41af92cb115f1349db0562bf75200cba') in 0.018954 seconds 
AssetImportWorkerClient::OnTransportError - code=2 error=End of file
